\BOOKMARK [1][-]{section.1}{Chapter 1}{}% 1
\BOOKMARK [2][-]{subsection.1.1}{Path induction implies based path induction, \2471.12.2}{section.1}% 2
\BOOKMARK [2][-]{subsection.1.2}{Exercise 1.3}{section.1}% 3
\BOOKMARK [2][-]{subsection.1.3}{Exercise 1.5}{section.1}% 4
\BOOKMARK [2][-]{subsection.1.4}{Exercise 1.6}{section.1}% 5
\BOOKMARK [2][-]{subsection.1.5}{Exercise 1.8}{section.1}% 6
\BOOKMARK [2][-]{subsection.1.6}{Exercise 1.10}{section.1}% 7
\BOOKMARK [2][-]{subsection.1.7}{Exercise 1.13}{section.1}% 8
\BOOKMARK [1][-]{section.2}{Chapter 2}{}% 9
\BOOKMARK [2][-]{subsection.2.1}{Theorem 2.7.2}{section.2}% 10
\BOOKMARK [2][-]{subsection.2.2}{Comment after Corollary 2.7.3}{section.2}% 11
\BOOKMARK [2][-]{subsection.2.3}{Theorem 2.7.4}{section.2}% 12
\BOOKMARK [2][-]{subsection.2.4}{Commutative diagram summarizing \247\247 2.9 and 2.10}{section.2}% 13
\BOOKMARK [2][-]{subsection.2.5}{Function Extensionality Axiom \(\2472.9\)}{section.2}% 14
\BOOKMARK [3][-]{subsubsection.2.5.1}{Part 1}{subsection.2.5}% 15
\BOOKMARK [3][-]{subsubsection.2.5.2}{Part 2}{subsection.2.5}% 16
\BOOKMARK [3][-]{subsubsection.2.5.3}{Part 3}{subsection.2.5}% 17
\BOOKMARK [2][-]{subsection.2.6}{Definition of the map happly in \(2.9.2\)}{section.2}% 18
\BOOKMARK [2][-]{subsection.2.7}{Display preceding \(2.9.5\)}{section.2}% 19
\BOOKMARK [2][-]{subsection.2.8}{Lemma 2.9.7}{section.2}% 20
\BOOKMARK [2][-]{subsection.2.9}{Proof of Theorem 2.11.1}{section.2}% 21
\BOOKMARK [2][-]{subsection.2.10}{Proof of Theorem 2.12.5}{section.2}% 22
\BOOKMARK [2][-]{subsection.2.11}{Double induction in \2472.13}{section.2}% 23
\BOOKMARK [2][-]{subsection.2.12}{Section 2.14.1}{section.2}% 24
\BOOKMARK [3][-]{subsubsection.2.12.1}{Use of Theorem 2.7.4}{subsection.2.12}% 25
\BOOKMARK [3][-]{subsubsection.2.12.2}{A general comment}{subsection.2.12}% 26
\BOOKMARK [2][-]{subsection.2.13}{Exercise 2.7}{section.2}% 27
\BOOKMARK [2][-]{subsection.2.14}{Exercise 2.10}{section.2}% 28
\BOOKMARK [2][-]{subsection.2.15}{Exercise 2.14}{section.2}% 29
\BOOKMARK [1][-]{section.3}{Chapter 3}{}% 30
\BOOKMARK [2][-]{subsection.3.1}{Proof of Lemma 3.1.8}{section.3}% 31
\BOOKMARK [2][-]{subsection.3.2}{Theorem 3.2.2}{section.3}% 32
\BOOKMARK [2][-]{subsection.3.3}{Proof of Lemma 3.3.4}{section.3}% 33
\BOOKMARK [2][-]{subsection.3.4}{Contractibility \(\2473.11\)}{section.3}% 34
\BOOKMARK [2][-]{subsection.3.5}{Proof of Lemma 3.11.4}{section.3}% 35
\BOOKMARK [2][-]{subsection.3.6}{Proof of Lemma 3.11.8}{section.3}% 36
\BOOKMARK [2][-]{subsection.3.7}{Exercise 3.5}{section.3}% 37
\BOOKMARK [2][-]{subsection.3.8}{Exercise 3.6}{section.3}% 38
\BOOKMARK [2][-]{subsection.3.9}{Exercise 3.7}{section.3}% 39
\BOOKMARK [2][-]{subsection.3.10}{Exercise 3.9}{section.3}% 40
\BOOKMARK [2][-]{subsection.3.11}{Exercise 3.17}{section.3}% 41
\BOOKMARK [2][-]{subsection.3.12}{Exercise 3.18}{section.3}% 42
\BOOKMARK [1][-]{section.4}{Chapter 4}{}% 43
\BOOKMARK [2][-]{subsection.4.1}{Proof of Lemma 4.1.2}{section.4}% 44
\BOOKMARK [2][-]{subsection.4.2}{Proof of Lemma 4.2.11}{section.4}% 45
\BOOKMARK [2][-]{subsection.4.3}{Proof of Lemma 4.7.3}{section.4}% 46
\BOOKMARK [2][-]{subsection.4.4}{Proof of Theorem 4.7.6}{section.4}% 47
\BOOKMARK [2][-]{subsection.4.5}{Proof of Lemma 4.8.1}{section.4}% 48
\BOOKMARK [2][-]{subsection.4.6}{Proof of Lemma 4.8.2}{section.4}% 49
\BOOKMARK [2][-]{subsection.4.7}{Proof of Theorem 4.8.3}{section.4}% 50
\BOOKMARK [2][-]{subsection.4.8}{Proof of Theorem 4.8.4}{section.4}% 51
\BOOKMARK [2][-]{subsection.4.9}{Exercise 4.4}{section.4}% 52
\BOOKMARK [2][-]{subsection.4.10}{Exercise 4.5}{section.4}% 53
\BOOKMARK [2][-]{subsection.4.11}{Exercise 4.6 \(iii\)}{section.4}% 54
\BOOKMARK [1][-]{section.5}{Chapter 5}{}% 55
\BOOKMARK [2][-]{subsection.5.1}{Induction principle for W-types \(\2475.3\)}{section.5}% 56
\BOOKMARK [2][-]{subsection.5.2}{Second bullet of \2475.6}{section.5}% 57
\BOOKMARK [2][-]{subsection.5.3}{Before Remark 5.6.3}{section.5}% 58
\BOOKMARK [2][-]{subsection.5.4}{Displays \(5.6.4\)\205\(5.6.7\)}{section.5}% 59
\BOOKMARK [2][-]{subsection.5.5}{Proof of Theorem 5.8.2}{section.5}% 60
\BOOKMARK [2][-]{subsection.5.6}{Proof of Theorem 5.8.4 \(iii\)}{section.5}% 61
\BOOKMARK [1][-]{section.6}{Chapter 6}{}% 62
\BOOKMARK [2][-]{subsection.6.1}{Display \(6.2.2\)}{section.6}% 63
\BOOKMARK [2][-]{subsection.6.2}{Lemma 6.4.1}{section.6}% 64
\BOOKMARK [2][-]{subsection.6.3}{Proof of Corollary 6.4.3}{section.6}% 65
\BOOKMARK [2][-]{subsection.6.4}{Proof of Lemma 6.5.1}{section.6}% 66
\BOOKMARK [2][-]{subsection.6.5}{Section 6.8}{section.6}% 67
\BOOKMARK [2][-]{subsection.6.6}{Section 6.9}{section.6}% 68
\BOOKMARK [2][-]{subsection.6.7}{Notion of quotient \(beginning of \2476.10\)}{section.6}% 69
\BOOKMARK [2][-]{subsection.6.8}{Proof of Theorem 6.10.6}{section.6}% 70
\BOOKMARK [2][-]{subsection.6.9}{Lemma 6.10.8}{section.6}% 71
\BOOKMARK [2][-]{subsection.6.10}{After Lemma 6.12.1}{section.6}% 72
\BOOKMARK [2][-]{subsection.6.11}{Exercise 6.9}{section.6}% 73
\BOOKMARK [1][-]{section.7}{Chapter 7}{}% 74
\BOOKMARK [2][-]{subsection.7.1}{Theorem 7.1.8}{section.7}% 75
\BOOKMARK [2][-]{subsection.7.2}{First proof of Theorem 7.2.2}{section.7}% 76
\BOOKMARK [2][-]{subsection.7.3}{Lemma 7.2.8}{section.7}% 77
\BOOKMARK [2][-]{subsection.7.4}{Induction principle for n-truncations \(\2477.3\)}{section.7}% 78
\BOOKMARK [2][-]{subsection.7.5}{Defining quotients via truncations}{section.7}% 79
\BOOKMARK [2][-]{subsection.7.6}{Proof of Theorem 7.3.2}{section.7}% 80
\BOOKMARK [2][-]{subsection.7.7}{Proof of Theorem 7.3.5}{section.7}% 81
\BOOKMARK [2][-]{subsection.7.8}{Proof of Theorem 7.3.12}{section.7}% 82
\BOOKMARK [2][-]{subsection.7.9}{Paths between cocones}{section.7}% 83
\BOOKMARK [2][-]{subsection.7.10}{Definition 7.4.7}{section.7}% 84
\BOOKMARK [2][-]{subsection.7.11}{Equality \(7.4.11\)}{section.7}% 85
\BOOKMARK [2][-]{subsection.7.12}{Definition 7.5.1}{section.7}% 86
\BOOKMARK [2][-]{subsection.7.13}{Proof of Lemma 7.5.10}{section.7}% 87
\BOOKMARK [2][-]{subsection.7.14}{Proof of Lemma 7.5.11}{section.7}% 88
\BOOKMARK [2][-]{subsection.7.15}{Comment before Lemma 7.5.12}{section.7}% 89
\BOOKMARK [2][-]{subsection.7.16}{Lemma 7.6.5}{section.7}% 90
\BOOKMARK [1][-]{section.8}{Chapter 8}{}% 91
\BOOKMARK [2][-]{subsection.8.1}{Proof of Theorem 8.2.1}{section.8}% 92
\BOOKMARK [2][-]{subsection.8.2}{Proof of Lemma 8.3.2 and Corollary 8.4.8}{section.8}% 93
\BOOKMARK [2][-]{subsection.8.3}{Lemma 8.5.9}{section.8}% 94
\BOOKMARK [2][-]{subsection.8.4}{Theorem 8.5.11}{section.8}% 95
\BOOKMARK [2][-]{subsection.8.5}{Proof of Definition 8.6.5}{section.8}% 96
\BOOKMARK [2][-]{subsection.8.6}{Lemma 8.6.10}{section.8}% 97
\BOOKMARK [2][-]{subsection.8.7}{Proof of Theorem 8.6.4}{section.8}% 98
\BOOKMARK [2][-]{subsection.8.8}{Proofs of Theorem 8.8.1 and Corollary 8.8.2}{section.8}% 99
\BOOKMARK [2][-]{subsection.8.9}{Proof of Corollary 8.8.5}{section.8}% 100
\BOOKMARK [3][-]{subsubsection.8.9.1}{First part}{subsection.8.9}% 101
\BOOKMARK [3][-]{subsubsection.8.9.2}{Second part}{subsection.8.9}% 102
\BOOKMARK [2][-]{subsection.8.10}{Exercise 8.7}{section.8}% 103
\BOOKMARK [1][-]{section.9}{Chapter 9}{}% 104
\BOOKMARK [2][-]{subsection.9.1}{Theorem 9.2.5}{section.9}% 105
\BOOKMARK [2][-]{subsection.9.2}{Lemma 9.2.8}{section.9}% 106
\BOOKMARK [2][-]{subsection.9.3}{Lemma 9.3.2}{section.9}% 107
\BOOKMARK [2][-]{subsection.9.4}{Proof of Lemma 9.4.9}{section.9}% 108
\BOOKMARK [1][-]{section.10}{Chapter 10}{}% 109
\BOOKMARK [2][-]{subsection.10.1}{A Lemma}{section.10}% 110
\BOOKMARK [2][-]{subsection.10.2}{Before Lemma 10.1.1}{section.10}% 111
\BOOKMARK [2][-]{subsection.10.3}{Proof of Lemma 10.1.13}{section.10}% 112
\BOOKMARK [2][-]{subsection.10.4}{The induction principle for acc \(\24710.3\)}{section.10}% 113
\BOOKMARK [2][-]{subsection.10.5}{Lemma 10.3.7}{section.10}% 114
\BOOKMARK [2][-]{subsection.10.6}{Lemma 10.3.8}{section.10}% 115
\BOOKMARK [2][-]{subsection.10.7}{Lemma 10.3.12}{section.10}% 116
\BOOKMARK [2][-]{subsection.10.8}{Theorem 10.4.4}{section.10}% 117
\BOOKMARK [1][-]{section.11}{Chapter 11}{}% 118
\BOOKMARK [2][-]{subsection.11.1}{The definition of Q \(\24711.1\)}{section.11}% 119
\BOOKMARK [2][-]{subsection.11.2}{\24711.2.1}{section.11}% 120
\BOOKMARK [2][-]{subsection.11.3}{Corollary to Lemma 11.2.2}{section.11}% 121
\BOOKMARK [2][-]{subsection.11.4}{Proof of Theorem 11.2.12}{section.11}% 122
\BOOKMARK [1][-]{section.12}{Appendix A}{}% 123
